B:\SAMPLES\INTEL_CPU_INFO-MASTER\INTEL_CPU_INFO-MASTER\INTEL_CPU_INFO\DEBUG\CPUID_C.OBJ
B:\SAMPLES\INTEL_CPU_INFO-MASTER\INTEL_CPU_INFO-MASTER\INTEL_CPU_INFO\DEBUG\MAIN.OBJ
B:\SAMPLES\INTEL_CPU_INFO-MASTER\INTEL_CPU_INFO-MASTER\INTEL_CPU_INFO\DEBUG\ARCHINFO.OBJ
B:\SAMPLES\INTEL_CPU_INFO-MASTER\INTEL_CPU_INFO-MASTER\INTEL_CPU_INFO\DEBUG\CPUINFO.OBJ
B:\SAMPLES\INTEL_CPU_INFO-MASTER\INTEL_CPU_INFO-MASTER\INTEL_CPU_INFO\DEBUG\PDINFO.OBJ
B:\SAMPLES\INTEL_CPU_INFO-MASTER\INTEL_CPU_INFO-MASTER\INTEL_CPU_INFO\DEBUG\TSXCHECK.OBJ
B:\SAMPLES\INTEL_CPU_INFO-MASTER\INTEL_CPU_INFO-MASTER\INTEL_CPU_INFO\DEBUG\VC110.PDB
B:\SAMPLES\INTEL_CPU_INFO-MASTER\INTEL_CPU_INFO-MASTER\INTEL_CPU_INFO\DEBUG\INTEL_CPU_INFO.ILK
B:\SAMPLES\INTEL_CPU_INFO-MASTER\INTEL_CPU_INFO-MASTER\INTEL_CPU_INFO\DEBUG\INTEL_CPU_INFO.EXE
B:\SAMPLES\INTEL_CPU_INFO-MASTER\INTEL_CPU_INFO-MASTER\INTEL_CPU_INFO\DEBUG\INTEL_CPU_INFO.PDB
B:\samples\intel_cpu_info-master\intel_cpu_info-master\intel_cpu_info\Debug\ArchInfo.obj
B:\samples\intel_cpu_info-master\intel_cpu_info-master\intel_cpu_info\Debug\cpuid_c.obj
B:\samples\intel_cpu_info-master\intel_cpu_info-master\intel_cpu_info\Debug\CpuInfo.obj
B:\samples\intel_cpu_info-master\intel_cpu_info-master\intel_cpu_info\Debug\main.obj
B:\samples\intel_cpu_info-master\intel_cpu_info-master\intel_cpu_info\Debug\PDInfo.obj
B:\samples\intel_cpu_info-master\intel_cpu_info-master\intel_cpu_info\Debug\TsxCheck.obj
B:\samples\intel_cpu_info-master\intel_cpu_info-master\intel_cpu_info\Debug\intel_cpu_info.ilk
B:\samples\intel_cpu_info-master\intel_cpu_info-master\intel_cpu_info\Debug\cl.command.1.tlog
B:\samples\intel_cpu_info-master\intel_cpu_info-master\intel_cpu_info\Debug\CL.read.1.tlog
B:\samples\intel_cpu_info-master\intel_cpu_info-master\intel_cpu_info\Debug\CL.write.1.tlog
B:\samples\intel_cpu_info-master\intel_cpu_info-master\intel_cpu_info\Debug\link-cvtres.read.1.tlog
B:\samples\intel_cpu_info-master\intel_cpu_info-master\intel_cpu_info\Debug\link-cvtres.write.1.tlog
B:\samples\intel_cpu_info-master\intel_cpu_info-master\intel_cpu_info\Debug\link-rc.read.1.tlog
B:\samples\intel_cpu_info-master\intel_cpu_info-master\intel_cpu_info\Debug\link-rc.write.1.tlog
B:\samples\intel_cpu_info-master\intel_cpu_info-master\intel_cpu_info\Debug\link.command.1.tlog
B:\samples\intel_cpu_info-master\intel_cpu_info-master\intel_cpu_info\Debug\link.read.1.tlog
B:\samples\intel_cpu_info-master\intel_cpu_info-master\intel_cpu_info\Debug\link.write.1.tlog
B:\samples\intel_cpu_info-master\intel_cpu_info-master\intel_cpu_info\Debug\vc110.idb
B:\samples\intel_cpu_info-master\intel_cpu_info-master\intel_cpu_info\Debug\intel_cpu_info.pdb
B:\samples\intel_cpu_info-master\intel_cpu_info-master\intel_cpu_info\Debug\vc110.pdb
B:\samples\intel_cpu_info-master\intel_cpu_info-master\intel_cpu_info\Debug\intel_cpu_info.exe
